{"/Users/link/Documents/Projet_React/morpion/src/App.tsx": {"path":"/Users/link/Documents/Projet_React/morpion/src/App.tsx","all":true,"statementMap":{"0":{"start":{"line":1,"column":0},"end":{"line":1,"column":63}},"2":{"start":{"line":3,"column":0},"end":{"line":3,"column":18}},"3":{"start":{"line":4,"column":0},"end":{"line":4,"column":19}},"4":{"start":{"line":5,"column":0},"end":{"line":5,"column":1}},"6":{"start":{"line":7,"column":0},"end":{"line":7,"column":19}}},"s":{"0":0,"2":0,"3":0,"4":0,"6":0},"branchMap":{"0":{"type":"branch","line":1,"loc":{"start":{"line":1,"column":126},"end":{"line":7,"column":19}},"locations":[{"start":{"line":1,"column":126},"end":{"line":7,"column":19}}]}},"b":{"0":[0]},"fnMap":{"0":{"name":"(empty-report)","decl":{"start":{"line":1,"column":126},"end":{"line":7,"column":19}},"loc":{"start":{"line":1,"column":126},"end":{"line":7,"column":19}},"line":1}},"f":{"0":0}}
,"/Users/link/Documents/Projet_React/morpion/src/main.tsx": {"path":"/Users/link/Documents/Projet_React/morpion/src/main.tsx","all":true,"statementMap":{"0":{"start":{"line":1,"column":0},"end":{"line":1,"column":35}},"1":{"start":{"line":2,"column":0},"end":{"line":2,"column":46}},"2":{"start":{"line":3,"column":0},"end":{"line":3,"column":21}},"3":{"start":{"line":4,"column":0},"end":{"line":4,"column":28}},"5":{"start":{"line":6,"column":0},"end":{"line":6,"column":52}},"6":{"start":{"line":7,"column":0},"end":{"line":7,"column":14}},"7":{"start":{"line":8,"column":0},"end":{"line":8,"column":11}},"8":{"start":{"line":9,"column":0},"end":{"line":9,"column":15}},"9":{"start":{"line":10,"column":0},"end":{"line":10,"column":2}}},"s":{"0":0,"1":0,"2":0,"3":0,"5":0,"6":0,"7":0,"8":0,"9":0},"branchMap":{"0":{"type":"branch","line":1,"loc":{"start":{"line":1,"column":233},"end":{"line":10,"column":2}},"locations":[{"start":{"line":1,"column":233},"end":{"line":10,"column":2}}]}},"b":{"0":[0]},"fnMap":{"0":{"name":"(empty-report)","decl":{"start":{"line":1,"column":233},"end":{"line":10,"column":2}},"loc":{"start":{"line":1,"column":233},"end":{"line":10,"column":2}},"line":1}},"f":{"0":0}}
,"/Users/link/Documents/Projet_React/morpion/src/tests/fixtures/histories.fixtures.ts": {"path":"/Users/link/Documents/Projet_React/morpion/src/tests/fixtures/histories.fixtures.ts","all":false,"statementMap":{"0":{"start":{"line":1,"column":0},"end":{"line":1,"column":81}},"2":{"start":{"line":3,"column":0},"end":{"line":3,"column":47}},"4":{"start":{"line":5,"column":0},"end":{"line":5,"column":66}},"6":{"start":{"line":7,"column":0},"end":{"line":7,"column":77}}},"s":{"0":1,"2":1,"4":1,"6":1},"branchMap":{},"b":{},"fnMap":{},"f":{}}
,"/Users/link/Documents/Projet_React/morpion/src/tests/fixtures/squares.fixtures.ts": {"path":"/Users/link/Documents/Projet_React/morpion/src/tests/fixtures/squares.fixtures.ts","all":false,"statementMap":{"0":{"start":{"line":1,"column":0},"end":{"line":1,"column":65}},"2":{"start":{"line":3,"column":0},"end":{"line":3,"column":68}},"4":{"start":{"line":5,"column":0},"end":{"line":5,"column":68}},"6":{"start":{"line":7,"column":0},"end":{"line":7,"column":38}},"7":{"start":{"line":8,"column":0},"end":{"line":8,"column":42}},"8":{"start":{"line":9,"column":0},"end":{"line":9,"column":42}},"9":{"start":{"line":10,"column":0},"end":{"line":10,"column":42}},"10":{"start":{"line":11,"column":0},"end":{"line":11,"column":42}},"11":{"start":{"line":12,"column":0},"end":{"line":12,"column":42}},"12":{"start":{"line":13,"column":0},"end":{"line":13,"column":42}},"13":{"start":{"line":14,"column":0},"end":{"line":14,"column":42}},"14":{"start":{"line":15,"column":0},"end":{"line":15,"column":42}},"15":{"start":{"line":16,"column":0},"end":{"line":16,"column":2}},"17":{"start":{"line":18,"column":0},"end":{"line":18,"column":70}},"19":{"start":{"line":20,"column":0},"end":{"line":20,"column":70}},"21":{"start":{"line":22,"column":0},"end":{"line":22,"column":68}},"23":{"start":{"line":24,"column":0},"end":{"line":24,"column":69}}},"s":{"0":1,"2":1,"4":1,"6":1,"7":1,"8":1,"9":1,"10":1,"11":1,"12":1,"13":1,"14":1,"15":1,"17":1,"19":1,"21":1,"23":1},"branchMap":{},"b":{},"fnMap":{},"f":{}}
,"/Users/link/Documents/Projet_React/morpion/src/views/Morpion/components/atoms/ButtonCommon.tsx": {"path":"/Users/link/Documents/Projet_React/morpion/src/views/Morpion/components/atoms/ButtonCommon.tsx","all":false,"statementMap":{"0":{"start":{"line":1,"column":0},"end":{"line":1,"column":38}},"1":{"start":{"line":2,"column":0},"end":{"line":2,"column":11}},"2":{"start":{"line":3,"column":0},"end":{"line":3,"column":15}},"3":{"start":{"line":4,"column":0},"end":{"line":4,"column":4}},"6":{"start":{"line":7,"column":0},"end":{"line":7,"column":4}},"7":{"start":{"line":8,"column":0},"end":{"line":8,"column":60}},"8":{"start":{"line":9,"column":0},"end":{"line":9,"column":1}}},"s":{"0":16,"1":16,"2":16,"3":16,"6":16,"7":16,"8":16},"branchMap":{"0":{"type":"branch","line":1,"loc":{"start":{"line":1,"column":0},"end":{"line":9,"column":1}},"locations":[{"start":{"line":1,"column":0},"end":{"line":9,"column":1}}]}},"b":{"0":[16]},"fnMap":{"0":{"name":"ButtonCommon","decl":{"start":{"line":1,"column":0},"end":{"line":9,"column":1}},"loc":{"start":{"line":1,"column":0},"end":{"line":9,"column":1}},"line":1}},"f":{"0":16}}
,"/Users/link/Documents/Projet_React/morpion/src/views/Morpion/components/atoms/ButtonSquare.tsx": {"path":"/Users/link/Documents/Projet_React/morpion/src/views/Morpion/components/atoms/ButtonSquare.tsx","all":false,"statementMap":{"0":{"start":{"line":1,"column":0},"end":{"line":1,"column":38}},"1":{"start":{"line":2,"column":0},"end":{"line":2,"column":8}},"2":{"start":{"line":3,"column":0},"end":{"line":3,"column":16}},"3":{"start":{"line":4,"column":0},"end":{"line":4,"column":4}},"6":{"start":{"line":7,"column":0},"end":{"line":7,"column":4}},"7":{"start":{"line":8,"column":0},"end":{"line":8,"column":54}},"9":{"start":{"line":10,"column":0},"end":{"line":10,"column":10}},"10":{"start":{"line":11,"column":0},"end":{"line":11,"column":53}},"11":{"start":{"line":12,"column":0},"end":{"line":12,"column":13}},"12":{"start":{"line":13,"column":0},"end":{"line":13,"column":13}},"14":{"start":{"line":15,"column":0},"end":{"line":15,"column":1}}},"s":{"0":66,"1":66,"2":66,"3":66,"6":66,"7":66,"9":66,"10":66,"11":66,"12":66,"14":66},"branchMap":{"0":{"type":"branch","line":1,"loc":{"start":{"line":1,"column":0},"end":{"line":15,"column":1}},"locations":[{"start":{"line":1,"column":0},"end":{"line":15,"column":1}}]},"1":{"type":"branch","line":8,"loc":{"start":{"line":8,"column":22},"end":{"line":8,"column":54}},"locations":[{"start":{"line":8,"column":22},"end":{"line":8,"column":54}}]},"2":{"type":"branch","line":8,"loc":{"start":{"line":8,"column":29},"end":{"line":8,"column":54}},"locations":[{"start":{"line":8,"column":29},"end":{"line":8,"column":54}}]}},"b":{"0":[66],"1":[8],"2":[4]},"fnMap":{"0":{"name":"ButtonSquare","decl":{"start":{"line":1,"column":0},"end":{"line":15,"column":1}},"loc":{"start":{"line":1,"column":0},"end":{"line":15,"column":1}},"line":1},"1":{"name":"handleClick","decl":{"start":{"line":8,"column":22},"end":{"line":8,"column":54}},"loc":{"start":{"line":8,"column":22},"end":{"line":8,"column":54}},"line":8}},"f":{"0":66,"1":8}}
,"/Users/link/Documents/Projet_React/morpion/src/views/Morpion/components/molecules/Histories.tsx": {"path":"/Users/link/Documents/Projet_React/morpion/src/views/Morpion/components/molecules/Histories.tsx","all":false,"statementMap":{"0":{"start":{"line":1,"column":0},"end":{"line":1,"column":49}},"2":{"start":{"line":3,"column":0},"end":{"line":3,"column":35}},"3":{"start":{"line":4,"column":0},"end":{"line":4,"column":12}},"4":{"start":{"line":5,"column":0},"end":{"line":5,"column":21}},"5":{"start":{"line":6,"column":0},"end":{"line":6,"column":4}},"8":{"start":{"line":9,"column":0},"end":{"line":9,"column":4}},"9":{"start":{"line":10,"column":0},"end":{"line":10,"column":10}},"10":{"start":{"line":11,"column":0},"end":{"line":11,"column":35}},"11":{"start":{"line":12,"column":0},"end":{"line":12,"column":36}},"12":{"start":{"line":13,"column":0},"end":{"line":13,"column":57}},"13":{"start":{"line":14,"column":0},"end":{"line":14,"column":71}},"14":{"start":{"line":15,"column":0},"end":{"line":15,"column":66}},"15":{"start":{"line":16,"column":0},"end":{"line":16,"column":25}},"16":{"start":{"line":17,"column":0},"end":{"line":17,"column":13}},"17":{"start":{"line":18,"column":0},"end":{"line":18,"column":9}},"18":{"start":{"line":19,"column":0},"end":{"line":19,"column":9}},"20":{"start":{"line":21,"column":0},"end":{"line":21,"column":1}}},"s":{"0":1,"2":6,"3":6,"4":6,"5":6,"8":6,"9":6,"10":6,"11":6,"12":12,"13":12,"14":12,"15":12,"16":12,"17":6,"18":6,"20":6},"branchMap":{"0":{"type":"branch","line":3,"loc":{"start":{"line":3,"column":0},"end":{"line":21,"column":1}},"locations":[{"start":{"line":3,"column":0},"end":{"line":21,"column":1}}]},"1":{"type":"branch","line":12,"loc":{"start":{"line":12,"column":21},"end":{"line":17,"column":13}},"locations":[{"start":{"line":12,"column":21},"end":{"line":17,"column":13}}]},"2":{"type":"branch","line":15,"loc":{"start":{"line":15,"column":23},"end":{"line":15,"column":48}},"locations":[{"start":{"line":15,"column":23},"end":{"line":15,"column":48}}]},"3":{"type":"branch","line":15,"loc":{"start":{"line":15,"column":27},"end":{"line":15,"column":66}},"locations":[{"start":{"line":15,"column":27},"end":{"line":15,"column":66}}]},"4":{"type":"branch","line":14,"loc":{"start":{"line":14,"column":38},"end":{"line":14,"column":71}},"locations":[{"start":{"line":14,"column":38},"end":{"line":14,"column":71}}]}},"b":{"0":[6],"1":[12],"2":[4],"3":[8],"4":[3]},"fnMap":{"0":{"name":"Histories","decl":{"start":{"line":3,"column":0},"end":{"line":21,"column":1}},"loc":{"start":{"line":3,"column":0},"end":{"line":21,"column":1}},"line":3},"1":{"name":"onClickEvent","decl":{"start":{"line":14,"column":38},"end":{"line":14,"column":71}},"loc":{"start":{"line":14,"column":38},"end":{"line":14,"column":71}},"line":14}},"f":{"0":6,"1":3}}
,"/Users/link/Documents/Projet_React/morpion/src/views/Morpion/components/molecules/Morpion.tsx": {"path":"/Users/link/Documents/Projet_React/morpion/src/views/Morpion/components/molecules/Morpion.tsx","all":false,"statementMap":{"0":{"start":{"line":1,"column":0},"end":{"line":1,"column":49}},"2":{"start":{"line":3,"column":0},"end":{"line":3,"column":33}},"3":{"start":{"line":4,"column":0},"end":{"line":4,"column":10}},"4":{"start":{"line":5,"column":0},"end":{"line":5,"column":20}},"5":{"start":{"line":6,"column":0},"end":{"line":6,"column":4}},"8":{"start":{"line":9,"column":0},"end":{"line":9,"column":6}},"9":{"start":{"line":10,"column":0},"end":{"line":10,"column":10}},"10":{"start":{"line":11,"column":0},"end":{"line":11,"column":33}},"11":{"start":{"line":12,"column":0},"end":{"line":12,"column":38}},"12":{"start":{"line":13,"column":0},"end":{"line":13,"column":55}},"13":{"start":{"line":14,"column":0},"end":{"line":14,"column":23}},"14":{"start":{"line":15,"column":0},"end":{"line":15,"column":25}},"15":{"start":{"line":16,"column":0},"end":{"line":16,"column":58}},"16":{"start":{"line":17,"column":0},"end":{"line":17,"column":12}},"17":{"start":{"line":18,"column":0},"end":{"line":18,"column":13}},"18":{"start":{"line":19,"column":0},"end":{"line":19,"column":9}},"19":{"start":{"line":20,"column":0},"end":{"line":20,"column":9}},"21":{"start":{"line":22,"column":0},"end":{"line":22,"column":1}}},"s":{"0":1,"2":9,"3":9,"4":9,"5":9,"8":9,"9":9,"10":9,"11":9,"12":63,"13":63,"14":63,"15":63,"16":63,"17":63,"18":9,"19":9,"21":9},"branchMap":{"0":{"type":"branch","line":3,"loc":{"start":{"line":3,"column":0},"end":{"line":22,"column":1}},"locations":[{"start":{"line":3,"column":0},"end":{"line":22,"column":1}}]},"1":{"type":"branch","line":12,"loc":{"start":{"line":12,"column":19},"end":{"line":18,"column":13}},"locations":[{"start":{"line":12,"column":19},"end":{"line":18,"column":13}}]},"2":{"type":"branch","line":16,"loc":{"start":{"line":16,"column":27},"end":{"line":16,"column":58}},"locations":[{"start":{"line":16,"column":27},"end":{"line":16,"column":58}}]}},"b":{"0":[9],"1":[63],"2":[3]},"fnMap":{"0":{"name":"Morpion","decl":{"start":{"line":3,"column":0},"end":{"line":22,"column":1}},"loc":{"start":{"line":3,"column":0},"end":{"line":22,"column":1}},"line":3},"1":{"name":"onSquareClick","decl":{"start":{"line":16,"column":27},"end":{"line":16,"column":58}},"loc":{"start":{"line":16,"column":27},"end":{"line":16,"column":58}},"line":16}},"f":{"0":9,"1":3}}
,"/Users/link/Documents/Projet_React/morpion/src/views/Morpion/components/organisms/Board.tsx": {"path":"/Users/link/Documents/Projet_React/morpion/src/views/Morpion/components/organisms/Board.tsx","all":false,"statementMap":{"0":{"start":{"line":1,"column":0},"end":{"line":1,"column":55}},"5":{"start":{"line":6,"column":0},"end":{"line":6,"column":33}},"6":{"start":{"line":7,"column":0},"end":{"line":7,"column":31}},"7":{"start":{"line":8,"column":0},"end":{"line":8,"column":9}},"8":{"start":{"line":9,"column":0},"end":{"line":9,"column":12}},"9":{"start":{"line":10,"column":0},"end":{"line":10,"column":14}},"10":{"start":{"line":11,"column":0},"end":{"line":11,"column":11}},"11":{"start":{"line":12,"column":0},"end":{"line":12,"column":23}},"12":{"start":{"line":13,"column":0},"end":{"line":13,"column":22}},"13":{"start":{"line":14,"column":0},"end":{"line":14,"column":21}},"14":{"start":{"line":15,"column":0},"end":{"line":15,"column":14}},"16":{"start":{"line":17,"column":0},"end":{"line":17,"column":10}},"17":{"start":{"line":18,"column":0},"end":{"line":18,"column":6}},"18":{"start":{"line":19,"column":0},"end":{"line":19,"column":43}},"20":{"start":{"line":21,"column":0},"end":{"line":21,"column":73}},"22":{"start":{"line":23,"column":0},"end":{"line":23,"column":72}},"24":{"start":{"line":25,"column":0},"end":{"line":25,"column":16}},"25":{"start":{"line":26,"column":0},"end":{"line":26,"column":29}},"26":{"start":{"line":27,"column":0},"end":{"line":27,"column":47}},"27":{"start":{"line":28,"column":0},"end":{"line":28,"column":8}},"28":{"start":{"line":29,"column":0},"end":{"line":29,"column":7}},"30":{"start":{"line":31,"column":0},"end":{"line":31,"column":1}}},"s":{"0":1,"5":2,"6":2,"7":2,"8":2,"9":2,"10":2,"11":2,"12":2,"13":2,"14":2,"16":2,"17":2,"18":2,"20":2,"22":2,"24":2,"25":2,"26":2,"27":2,"28":2,"30":2},"branchMap":{"0":{"type":"branch","line":6,"loc":{"start":{"line":6,"column":0},"end":{"line":31,"column":1}},"locations":[{"start":{"line":6,"column":0},"end":{"line":31,"column":1}}]},"1":{"type":"branch","line":19,"loc":{"start":{"line":19,"column":9},"end":{"line":19,"column":43}},"locations":[{"start":{"line":19,"column":9},"end":{"line":19,"column":43}}]}},"b":{"0":[2],"1":[1]},"fnMap":{"0":{"name":"Board","decl":{"start":{"line":6,"column":0},"end":{"line":31,"column":1}},"loc":{"start":{"line":6,"column":0},"end":{"line":31,"column":1}},"line":6}},"f":{"0":2}}
,"/Users/link/Documents/Projet_React/morpion/src/views/Morpion/constants/lines.ts": {"path":"/Users/link/Documents/Projet_React/morpion/src/views/Morpion/constants/lines.ts","all":false,"statementMap":{"0":{"start":{"line":1,"column":0},"end":{"line":1,"column":22}},"1":{"start":{"line":2,"column":0},"end":{"line":2,"column":12}},"2":{"start":{"line":3,"column":0},"end":{"line":3,"column":12}},"3":{"start":{"line":4,"column":0},"end":{"line":4,"column":12}},"4":{"start":{"line":5,"column":0},"end":{"line":5,"column":12}},"5":{"start":{"line":6,"column":0},"end":{"line":6,"column":12}},"6":{"start":{"line":7,"column":0},"end":{"line":7,"column":12}},"7":{"start":{"line":8,"column":0},"end":{"line":8,"column":12}},"8":{"start":{"line":9,"column":0},"end":{"line":9,"column":12}},"9":{"start":{"line":10,"column":0},"end":{"line":10,"column":2}}},"s":{"0":1,"1":1,"2":1,"3":1,"4":1,"5":1,"6":1,"7":1,"8":1,"9":1},"branchMap":{},"b":{},"fnMap":{},"f":{}}
,"/Users/link/Documents/Projet_React/morpion/src/views/Morpion/hooks/useHistories.ts": {"path":"/Users/link/Documents/Projet_React/morpion/src/views/Morpion/hooks/useHistories.ts","all":false,"statementMap":{"0":{"start":{"line":1,"column":0},"end":{"line":1,"column":33}},"3":{"start":{"line":4,"column":0},"end":{"line":4,"column":32}},"4":{"start":{"line":5,"column":0},"end":{"line":5,"column":54}},"5":{"start":{"line":6,"column":0},"end":{"line":6,"column":63}},"7":{"start":{"line":8,"column":0},"end":{"line":8,"column":47}},"8":{"start":{"line":9,"column":0},"end":{"line":9,"column":38}},"9":{"start":{"line":10,"column":0},"end":{"line":10,"column":38}},"11":{"start":{"line":12,"column":0},"end":{"line":12,"column":49}},"12":{"start":{"line":13,"column":0},"end":{"line":13,"column":43}},"13":{"start":{"line":14,"column":0},"end":{"line":14,"column":5}},"15":{"start":{"line":16,"column":0},"end":{"line":16,"column":49}},"16":{"start":{"line":17,"column":0},"end":{"line":17,"column":39}},"17":{"start":{"line":18,"column":0},"end":{"line":18,"column":4}},"19":{"start":{"line":20,"column":0},"end":{"line":20,"column":32}},"20":{"start":{"line":21,"column":0},"end":{"line":21,"column":35}},"21":{"start":{"line":22,"column":0},"end":{"line":22,"column":23}},"22":{"start":{"line":23,"column":0},"end":{"line":23,"column":4}},"24":{"start":{"line":25,"column":0},"end":{"line":25,"column":10}},"25":{"start":{"line":26,"column":0},"end":{"line":26,"column":14}},"26":{"start":{"line":27,"column":0},"end":{"line":27,"column":17}},"27":{"start":{"line":28,"column":0},"end":{"line":28,"column":19}},"28":{"start":{"line":29,"column":0},"end":{"line":29,"column":20}},"29":{"start":{"line":30,"column":0},"end":{"line":30,"column":4}},"30":{"start":{"line":31,"column":0},"end":{"line":31,"column":1}}},"s":{"0":1,"3":1,"4":11,"5":11,"7":11,"8":6,"9":6,"11":6,"12":1,"13":1,"15":6,"16":6,"17":6,"19":11,"20":1,"21":1,"22":1,"24":11,"25":11,"26":11,"27":11,"28":11,"29":11,"30":11},"branchMap":{"0":{"type":"branch","line":4,"loc":{"start":{"line":4,"column":7},"end":{"line":31,"column":1}},"locations":[{"start":{"line":4,"column":7},"end":{"line":31,"column":1}}]},"1":{"type":"branch","line":8,"loc":{"start":{"line":8,"column":23},"end":{"line":18,"column":4}},"locations":[{"start":{"line":8,"column":23},"end":{"line":18,"column":4}}]},"2":{"type":"branch","line":12,"loc":{"start":{"line":12,"column":48},"end":{"line":14,"column":5}},"locations":[{"start":{"line":12,"column":48},"end":{"line":14,"column":5}}]},"3":{"type":"branch","line":20,"loc":{"start":{"line":20,"column":25},"end":{"line":23,"column":4}},"locations":[{"start":{"line":20,"column":25},"end":{"line":23,"column":4}}]}},"b":{"0":[11],"1":[6],"2":[1],"3":[1]},"fnMap":{"0":{"name":"useHistories","decl":{"start":{"line":4,"column":7},"end":{"line":31,"column":1}},"loc":{"start":{"line":4,"column":7},"end":{"line":31,"column":1}},"line":4},"1":{"name":"setHistories","decl":{"start":{"line":8,"column":23},"end":{"line":18,"column":4}},"loc":{"start":{"line":8,"column":23},"end":{"line":18,"column":4}},"line":8},"2":{"name":"resetHistories","decl":{"start":{"line":20,"column":25},"end":{"line":23,"column":4}},"loc":{"start":{"line":20,"column":25},"end":{"line":23,"column":4}},"line":20}},"f":{"0":11,"1":6,"2":1}}
,"/Users/link/Documents/Projet_React/morpion/src/views/Morpion/hooks/useMorpion.ts": {"path":"/Users/link/Documents/Projet_React/morpion/src/views/Morpion/hooks/useMorpion.ts","all":false,"statementMap":{"0":{"start":{"line":1,"column":0},"end":{"line":1,"column":33}},"6":{"start":{"line":7,"column":0},"end":{"line":7,"column":30}},"7":{"start":{"line":8,"column":0},"end":{"line":8,"column":56}},"9":{"start":{"line":10,"column":0},"end":{"line":10,"column":70}},"10":{"start":{"line":11,"column":0},"end":{"line":11,"column":19}},"11":{"start":{"line":12,"column":0},"end":{"line":12,"column":49}},"12":{"start":{"line":13,"column":0},"end":{"line":13,"column":38}},"13":{"start":{"line":14,"column":0},"end":{"line":14,"column":27}},"14":{"start":{"line":15,"column":0},"end":{"line":15,"column":4}},"16":{"start":{"line":17,"column":0},"end":{"line":17,"column":46}},"17":{"start":{"line":18,"column":0},"end":{"line":18,"column":47}},"18":{"start":{"line":19,"column":0},"end":{"line":19,"column":48}},"19":{"start":{"line":20,"column":0},"end":{"line":20,"column":23}},"21":{"start":{"line":22,"column":0},"end":{"line":22,"column":37}},"22":{"start":{"line":23,"column":0},"end":{"line":23,"column":45}},"24":{"start":{"line":25,"column":0},"end":{"line":25,"column":30}},"25":{"start":{"line":26,"column":0},"end":{"line":26,"column":28}},"26":{"start":{"line":27,"column":0},"end":{"line":27,"column":4}},"28":{"start":{"line":29,"column":0},"end":{"line":29,"column":34}},"29":{"start":{"line":30,"column":0},"end":{"line":30,"column":30}},"30":{"start":{"line":31,"column":0},"end":{"line":31,"column":21}},"31":{"start":{"line":32,"column":0},"end":{"line":32,"column":4}},"33":{"start":{"line":34,"column":0},"end":{"line":34,"column":10}},"34":{"start":{"line":35,"column":0},"end":{"line":35,"column":12}},"35":{"start":{"line":36,"column":0},"end":{"line":36,"column":14}},"36":{"start":{"line":37,"column":0},"end":{"line":37,"column":11}},"37":{"start":{"line":38,"column":0},"end":{"line":38,"column":23}},"38":{"start":{"line":39,"column":0},"end":{"line":39,"column":22}},"39":{"start":{"line":40,"column":0},"end":{"line":40,"column":21}},"40":{"start":{"line":41,"column":0},"end":{"line":41,"column":4}},"41":{"start":{"line":42,"column":0},"end":{"line":42,"column":1}}},"s":{"0":1,"6":1,"7":10,"9":10,"10":10,"11":10,"12":1,"13":1,"14":1,"16":10,"17":10,"18":10,"19":4,"21":3,"22":4,"24":4,"25":4,"26":4,"28":10,"29":1,"30":1,"31":1,"33":10,"34":10,"35":10,"36":10,"37":10,"38":10,"39":10,"40":10,"41":10},"branchMap":{"0":{"type":"branch","line":7,"loc":{"start":{"line":7,"column":7},"end":{"line":42,"column":1}},"locations":[{"start":{"line":7,"column":7},"end":{"line":42,"column":1}}]},"1":{"type":"branch","line":12,"loc":{"start":{"line":12,"column":29},"end":{"line":15,"column":4}},"locations":[{"start":{"line":12,"column":29},"end":{"line":15,"column":4}}]},"2":{"type":"branch","line":19,"loc":{"start":{"line":19,"column":28},"end":{"line":27,"column":4}},"locations":[{"start":{"line":19,"column":28},"end":{"line":27,"column":4}}]},"3":{"type":"branch","line":20,"loc":{"start":{"line":20,"column":16},"end":{"line":20,"column":23}},"locations":[{"start":{"line":20,"column":16},"end":{"line":20,"column":23}}]},"4":{"type":"branch","line":20,"loc":{"start":{"line":20,"column":16},"end":{"line":23,"column":35}},"locations":[{"start":{"line":20,"column":16},"end":{"line":23,"column":35}}]},"5":{"type":"branch","line":23,"loc":{"start":{"line":23,"column":25},"end":{"line":23,"column":41}},"locations":[{"start":{"line":23,"column":25},"end":{"line":23,"column":41}}]},"6":{"type":"branch","line":23,"loc":{"start":{"line":23,"column":35},"end":{"line":23,"column":45}},"locations":[{"start":{"line":23,"column":35},"end":{"line":23,"column":45}}]},"7":{"type":"branch","line":29,"loc":{"start":{"line":29,"column":27},"end":{"line":32,"column":4}},"locations":[{"start":{"line":29,"column":27},"end":{"line":32,"column":4}}]}},"b":{"0":[10],"1":[1],"2":[4],"3":[1],"4":[3],"5":[2],"6":[1],"7":[1]},"fnMap":{"0":{"name":"useMorpion","decl":{"start":{"line":7,"column":7},"end":{"line":42,"column":1}},"loc":{"start":{"line":7,"column":7},"end":{"line":42,"column":1}},"line":7},"1":{"name":"handleHistoryClick","decl":{"start":{"line":12,"column":29},"end":{"line":15,"column":4}},"loc":{"start":{"line":12,"column":29},"end":{"line":15,"column":4}},"line":12},"2":{"name":"handleSquareClick","decl":{"start":{"line":19,"column":28},"end":{"line":27,"column":4}},"loc":{"start":{"line":19,"column":28},"end":{"line":27,"column":4}},"line":19},"3":{"name":"handleResetClick","decl":{"start":{"line":29,"column":27},"end":{"line":32,"column":4}},"loc":{"start":{"line":29,"column":27},"end":{"line":32,"column":4}},"line":29}},"f":{"0":10,"1":1,"2":4,"3":1}}
,"/Users/link/Documents/Projet_React/morpion/src/views/Morpion/hooks/useResolveTurn.ts": {"path":"/Users/link/Documents/Projet_React/morpion/src/views/Morpion/hooks/useResolveTurn.ts","all":false,"statementMap":{"0":{"start":{"line":1,"column":0},"end":{"line":1,"column":44}},"2":{"start":{"line":3,"column":0},"end":{"line":3,"column":51}},"3":{"start":{"line":4,"column":0},"end":{"line":4,"column":47}},"5":{"start":{"line":6,"column":0},"end":{"line":6,"column":19}},"6":{"start":{"line":7,"column":0},"end":{"line":7,"column":61}},"7":{"start":{"line":8,"column":0},"end":{"line":8,"column":45}},"8":{"start":{"line":9,"column":0},"end":{"line":9,"column":20}},"9":{"start":{"line":10,"column":0},"end":{"line":10,"column":16}},"11":{"start":{"line":12,"column":0},"end":{"line":12,"column":21}},"12":{"start":{"line":13,"column":0},"end":{"line":13,"column":1}}},"s":{"0":1,"2":1,"3":3,"5":3,"6":2,"7":2,"8":2,"9":3,"11":3,"12":3},"branchMap":{"0":{"type":"branch","line":3,"loc":{"start":{"line":3,"column":7},"end":{"line":13,"column":1}},"locations":[{"start":{"line":3,"column":7},"end":{"line":13,"column":1}}]},"1":{"type":"branch","line":6,"loc":{"start":{"line":6,"column":12},"end":{"line":10,"column":5}},"locations":[{"start":{"line":6,"column":12},"end":{"line":10,"column":5}}]},"2":{"type":"branch","line":7,"loc":{"start":{"line":7,"column":39},"end":{"line":7,"column":59}},"locations":[{"start":{"line":7,"column":39},"end":{"line":7,"column":59}}]}},"b":{"0":[3],"1":[2],"2":[18]},"fnMap":{"0":{"name":"useResolveTurn","decl":{"start":{"line":3,"column":7},"end":{"line":13,"column":1}},"loc":{"start":{"line":3,"column":7},"end":{"line":13,"column":1}},"line":3}},"f":{"0":3}}
,"/Users/link/Documents/Projet_React/morpion/src/views/Morpion/hooks/useResolveWinner.ts": {"path":"/Users/link/Documents/Projet_React/morpion/src/views/Morpion/hooks/useResolveWinner.ts","all":false,"statementMap":{"0":{"start":{"line":1,"column":0},"end":{"line":1,"column":44}},"3":{"start":{"line":4,"column":0},"end":{"line":4,"column":53}},"4":{"start":{"line":5,"column":0},"end":{"line":5,"column":43}},"6":{"start":{"line":7,"column":0},"end":{"line":7,"column":19}},"7":{"start":{"line":8,"column":0},"end":{"line":8,"column":45}},"9":{"start":{"line":10,"column":0},"end":{"line":10,"column":25}},"10":{"start":{"line":11,"column":0},"end":{"line":11,"column":16}},"12":{"start":{"line":13,"column":0},"end":{"line":13,"column":20}},"13":{"start":{"line":14,"column":0},"end":{"line":14,"column":1}}},"s":{"0":1,"3":1,"4":3,"6":3,"7":2,"9":2,"10":3,"12":3,"13":3},"branchMap":{"0":{"type":"branch","line":4,"loc":{"start":{"line":4,"column":7},"end":{"line":14,"column":1}},"locations":[{"start":{"line":4,"column":7},"end":{"line":14,"column":1}}]},"1":{"type":"branch","line":7,"loc":{"start":{"line":7,"column":12},"end":{"line":11,"column":5}},"locations":[{"start":{"line":7,"column":12},"end":{"line":11,"column":5}}]}},"b":{"0":[3],"1":[2]},"fnMap":{"0":{"name":"useResolveWinner","decl":{"start":{"line":4,"column":7},"end":{"line":14,"column":1}},"loc":{"start":{"line":4,"column":7},"end":{"line":14,"column":1}},"line":4}},"f":{"0":3}}
,"/Users/link/Documents/Projet_React/morpion/src/views/Morpion/utils/morpion.utils.ts": {"path":"/Users/link/Documents/Projet_React/morpion/src/views/Morpion/utils/morpion.utils.ts","all":false,"statementMap":{"0":{"start":{"line":1,"column":0},"end":{"line":1,"column":61}}},"s":{"0":1},"branchMap":{"0":{"type":"branch","line":1,"loc":{"start":{"line":1,"column":27},"end":{"line":1,"column":61}},"locations":[{"start":{"line":1,"column":27},"end":{"line":1,"column":61}}]}},"b":{"0":[24]},"fnMap":{"0":{"name":"initSquares","decl":{"start":{"line":1,"column":27},"end":{"line":1,"column":61}},"loc":{"start":{"line":1,"column":27},"end":{"line":1,"column":61}},"line":1}},"f":{"0":24}}
,"/Users/link/Documents/Projet_React/morpion/src/views/Morpion/utils/winner.utils.ts": {"path":"/Users/link/Documents/Projet_React/morpion/src/views/Morpion/utils/winner.utils.ts","all":false,"statementMap":{"0":{"start":{"line":1,"column":0},"end":{"line":1,"column":43}},"2":{"start":{"line":3,"column":0},"end":{"line":3,"column":50}},"3":{"start":{"line":4,"column":0},"end":{"line":4,"column":18}},"5":{"start":{"line":6,"column":0},"end":{"line":6,"column":27}},"6":{"start":{"line":7,"column":0},"end":{"line":7,"column":30}},"7":{"start":{"line":8,"column":0},"end":{"line":8,"column":39}},"8":{"start":{"line":9,"column":0},"end":{"line":9,"column":44}},"9":{"start":{"line":10,"column":0},"end":{"line":10,"column":50}},"10":{"start":{"line":11,"column":0},"end":{"line":11,"column":6}},"12":{"start":{"line":13,"column":0},"end":{"line":13,"column":41}},"13":{"start":{"line":14,"column":0},"end":{"line":14,"column":35}},"14":{"start":{"line":15,"column":0},"end":{"line":15,"column":5}},"15":{"start":{"line":16,"column":0},"end":{"line":16,"column":5}},"17":{"start":{"line":18,"column":0},"end":{"line":18,"column":16}},"18":{"start":{"line":19,"column":0},"end":{"line":19,"column":1}}},"s":{"0":1,"2":1,"3":11,"5":11,"6":88,"7":88,"8":88,"9":88,"10":88,"12":88,"13":10,"14":10,"15":11,"17":11,"18":11},"branchMap":{"0":{"type":"branch","line":3,"loc":{"start":{"line":3,"column":7},"end":{"line":19,"column":1}},"locations":[{"start":{"line":3,"column":7},"end":{"line":19,"column":1}}]},"1":{"type":"branch","line":6,"loc":{"start":{"line":6,"column":16},"end":{"line":16,"column":3}},"locations":[{"start":{"line":6,"column":16},"end":{"line":16,"column":3}}]},"2":{"type":"branch","line":13,"loc":{"start":{"line":13,"column":8},"end":{"line":13,"column":40}},"locations":[{"start":{"line":13,"column":8},"end":{"line":13,"column":40}}]},"3":{"type":"branch","line":13,"loc":{"start":{"line":13,"column":40},"end":{"line":15,"column":5}},"locations":[{"start":{"line":13,"column":40},"end":{"line":15,"column":5}}]},"4":{"type":"branch","line":10,"loc":{"start":{"line":10,"column":6},"end":{"line":10,"column":50}},"locations":[{"start":{"line":10,"column":6},"end":{"line":10,"column":50}}]}},"b":{"0":[11],"1":[88],"2":[34],"3":[10],"4":[222]},"fnMap":{"0":{"name":"computeWinner","decl":{"start":{"line":3,"column":7},"end":{"line":19,"column":1}},"loc":{"start":{"line":3,"column":7},"end":{"line":19,"column":1}},"line":3}},"f":{"0":11}}
}
